Flutter crash report; please file at https://github.com/flutter/flutter/issues.

## command

flutter run -d 5FDD4317-E7F8-4ABB-81AA-CDA8BBAF95E6

## exception

String: Exit code 53 from: /usr/bin/xcrun simctl install 5FDD4317-E7F8-4ABB-81AA-CDA8BBAF95E6 /Users/albertlardizabal/Posse/internal/posse_gallery/build/ios/Release-iphonesimulator/Runner.app

```
#0      _runWithLoggingSync (package:flutter_tools/src/base/process.dart:311)
#1      runCheckedSync (package:flutter_tools/src/base/process.dart:233)
#2      SimControl.install (package:flutter_tools/src/ios/simulators.dart:238)
#3      IOSSimulator._buildAndInstallApplicationBundle (package:flutter_tools/src/ios/simulators.dart:529)
<asynchronous suspension>
#4      IOSSimulator._setupUpdatedApplicationBundle (package:flutter_tools/src/ios/simulators.dart:511)
<asynchronous suspension>
#5      IOSSimulator.startApp (package:flutter_tools/src/ios/simulators.dart:432)
<asynchronous suspension>
#6      HotRunner.run (package:flutter_tools/src/run_hot.dart:202)
<asynchronous suspension>
#7      RunCommand.runCommand (package:flutter_tools/src/commands/run.dart:281)
<asynchronous suspension>
#8      FlutterCommand.verifyThenRunCommand (package:flutter_tools/src/runner/flutter_command.dart:151)
<asynchronous suspension>
#9      RunCommand.verifyThenRunCommand (package:flutter_tools/src/commands/run.dart:196)
<asynchronous suspension>
#10     FlutterCommand.run (package:flutter_tools/src/runner/flutter_command.dart:121)
#11     CommandRunner.runCommand (package:args/command_runner.dart:194)
<asynchronous suspension>
#12     FlutterCommandRunner.runCommand (package:flutter_tools/src/runner/flutter_command_runner.dart:262)
<asynchronous suspension>
#13     CommandRunner.run.<anonymous closure> (package:args/command_runner.dart:109)
#14     Future.Future.sync (dart:async/future.dart:208)
#15     CommandRunner.run (package:args/command_runner.dart:109)
#16     FlutterCommandRunner.run (package:flutter_tools/src/runner/flutter_command_runner.dart:157)
#17     run.<anonymous closure> (package:flutter_tools/executable.dart:140)
<asynchronous suspension>
#18     AppContext._run (package:flutter_tools/src/base/context.dart:76)
<asynchronous suspension>
#19     AppContext.runInZone.<anonymous closure> (package:flutter_tools/src/base/context.dart:66)
#20     _rootRun (dart:async/zone.dart:1120)
#21     _CustomZone.run (dart:async/zone.dart:1001)
#22     runZoned (dart:async/zone.dart:1465)
#23     AppContext.runInZone (package:flutter_tools/src/base/context.dart:65)
#24     run (package:flutter_tools/executable.dart:113)
<asynchronous suspension>
#25     main (package:flutter_tools/executable.dart:66)
<asynchronous suspension>
#26     main (file:///Users/albertlardizabal/dev/flutter/packages/flutter_tools/bin/flutter_tools.dart:8)
#27     _startIsolate.<anonymous closure> (dart:isolate-patch/isolate_patch.dart:263)
#28     _RawReceivePortImpl._handleMessage (dart:isolate-patch/isolate_patch.dart:151)
```

## flutter doctor

```
[✓] Flutter (on Mac OS X 10.12.4 16E195, channel master)
    • Flutter at /Users/albertlardizabal/dev/flutter
    • Framework revision 7ffa82aaf0 (10 days ago), 2017-04-10 15:44:19 +0200
    • Engine revision 5d9a642257
    • Tools Dart version 1.23.0-dev.11.6

[✓] Host Executable Compatibility
    • Downloaded executables execute on host

[✓] Android toolchain - develop for Android devices (Android SDK 25.0.2)
    • Android SDK at /Users/albertlardizabal/Library/Android/sdk
    • Platform android-25, build-tools 25.0.2
    • Java binary at: /Applications/Android Studio.app/Contents/jre/jdk/Contents/Home/bin/java
    • Java version: OpenJDK Runtime Environment (build 1.8.0_112-release-b06)

[✓] iOS toolchain - develop for iOS devices (Xcode 8.3.1)
    • Xcode at /Applications/Xcode.app/Contents/Developer
    • Xcode 8.3.1, Build version 8E1000a
    • ios-deploy 1.9.0
    • CocoaPods version 1.1.1

[✓] Android Studio (version 2.3)
    • Android Studio at /Applications/Android Studio.app/Contents
    • Gradle version 3.2
    • Java version: OpenJDK Runtime Environment (build 1.8.0_112-release-b06)

[✓] IntelliJ IDEA Community Edition (version 2016.3.6)
    • Dart plugin version 163.13137
    • Flutter plugin version 12.1

[✓] Connected devices
    • R1 HD                        • 8PUOWWC6MV7SYS85                         • android-arm • Android 6.0 (API 23)
    • Pixel                        • FA71A0302167                             • android-arm • Android 7.1.2 (API 25)
    • DD iPhone7                   • bbf7ef5e5c7fe06a6687160a017c0a4081536fe8 • ios         • iOS No device found with udid bbf7ef5e5c7fe06a6687160a017c0a4081536fe8, is it plugged in? (No device found with udid bbf7ef5e5c7fe06a6687160a017c0a4081536fe8, is it plugged in?)
    • Albert Lardizabal's iPhone 6 • c0e109b7e55a826627aa0f3e79af8931534f3554 • ios         • iOS 10.2.1 (14D27)
    • iPhone 5s                    • 5FDD4317-E7F8-4ABB-81AA-CDA8BBAF95E6     • ios         • iOS 10.3 (simulator)

```
