Flutter crash report; please file at https://github.com/flutter/flutter/issues.

## command

flutter run -d FA71A0302167

## exception

String: Exit code 1 from: /Users/albertlardizabal/Library/Android/sdk/build-tools/25.0.2/aapt dump badging build/app/outputs/apk/app.apk

```
#0      _runWithLoggingSync (package:flutter_tools/src/base/process.dart:311)
#1      runCheckedSync (package:flutter_tools/src/base/process.dart:233)
#2      AndroidApk.AndroidApk.fromApk (package:flutter_tools/src/application_package.dart:61)
#3      AndroidApk.AndroidApk.fromCurrentDirectory (package:flutter_tools/src/application_package.dart:89)
#4      getApplicationPackageForPlatform (package:flutter_tools/src/application_package.dart:256)
#5      HotRunner.run (package:flutter_tools/src/run_hot.dart:177)
<asynchronous suspension>
#6      RunCommand.runCommand (package:flutter_tools/src/commands/run.dart:281)
<asynchronous suspension>
#7      FlutterCommand.verifyThenRunCommand (package:flutter_tools/src/runner/flutter_command.dart:151)
<asynchronous suspension>
#8      RunCommand.verifyThenRunCommand (package:flutter_tools/src/commands/run.dart:196)
<asynchronous suspension>
#9      FlutterCommand.run (package:flutter_tools/src/runner/flutter_command.dart:121)
#10     CommandRunner.runCommand (package:args/command_runner.dart:194)
<asynchronous suspension>
#11     FlutterCommandRunner.runCommand (package:flutter_tools/src/runner/flutter_command_runner.dart:262)
<asynchronous suspension>
#12     CommandRunner.run.<anonymous closure> (package:args/command_runner.dart:109)
#13     Future.Future.sync (dart:async/future.dart:208)
#14     CommandRunner.run (package:args/command_runner.dart:109)
#15     FlutterCommandRunner.run (package:flutter_tools/src/runner/flutter_command_runner.dart:157)
#16     run.<anonymous closure> (package:flutter_tools/executable.dart:140)
<asynchronous suspension>
#17     AppContext._run (package:flutter_tools/src/base/context.dart:76)
<asynchronous suspension>
#18     AppContext.runInZone.<anonymous closure> (package:flutter_tools/src/base/context.dart:66)
#19     _rootRun (dart:async/zone.dart:1120)
#20     _CustomZone.run (dart:async/zone.dart:1001)
#21     runZoned (dart:async/zone.dart:1465)
#22     AppContext.runInZone (package:flutter_tools/src/base/context.dart:65)
#23     run (package:flutter_tools/executable.dart:113)
<asynchronous suspension>
#24     main (package:flutter_tools/executable.dart:66)
<asynchronous suspension>
#25     main (file:///Users/albertlardizabal/dev/flutter/packages/flutter_tools/bin/flutter_tools.dart:8)
#26     _startIsolate.<anonymous closure> (dart:isolate-patch/isolate_patch.dart:263)
#27     _RawReceivePortImpl._handleMessage (dart:isolate-patch/isolate_patch.dart:151)
```

## flutter doctor

```
[✓] Flutter (on Mac OS X 10.12.4 16E195, channel master)
    • Flutter at /Users/albertlardizabal/dev/flutter
    • Framework revision 7ffa82aaf0 (11 days ago), 2017-04-10 15:44:19 +0200
    • Engine revision 5d9a642257
    • Tools Dart version 1.23.0-dev.11.6

[✓] Host Executable Compatibility
    • Downloaded executables execute on host

[✓] Android toolchain - develop for Android devices (Android SDK 25.0.2)
    • Android SDK at /Users/albertlardizabal/Library/Android/sdk
    • Platform android-25, build-tools 25.0.2
    • Java binary at: /Applications/Android Studio.app/Contents/jre/jdk/Contents/Home/bin/java
    • Java version: OpenJDK Runtime Environment (build 1.8.0_112-release-b06)

[✓] iOS toolchain - develop for iOS devices (Xcode 8.3.1)
    • Xcode at /Applications/Xcode.app/Contents/Developer
    • Xcode 8.3.1, Build version 8E1000a
    • ios-deploy 1.9.0
    • CocoaPods version 1.1.1

[✓] Android Studio (version 2.3)
    • Android Studio at /Applications/Android Studio.app/Contents
    • Gradle version 3.2
    • Java version: OpenJDK Runtime Environment (build 1.8.0_112-release-b06)

[✓] IntelliJ IDEA Community Edition (version 2016.3.6)
    • Dart plugin version 163.13137
    • Flutter plugin version 12.1

[✓] Connected devices
    • Pixel                        • FA71A0302167                             • android-arm • Android 7.1.2 (API 25)
    • XT1060                       • T0628078O7                               • android-arm • Android 5.1 (API 22)
    • DD iPhone7                   • bbf7ef5e5c7fe06a6687160a017c0a4081536fe8 • ios         • iOS 10.3.1 (14E304)
    • Albert Lardizabal's iPhone 6 • c0e109b7e55a826627aa0f3e79af8931534f3554 • ios         • iOS 10.2.1 (14D27)
    • iPhone 5s                    • 5FDD4317-E7F8-4ABB-81AA-CDA8BBAF95E6     • ios         • iOS 10.3 (simulator)

```
